<?xml version="1.0" encoding="UTF-8"?>
<!-- Generated by org.testng.reporters.JUnitXMLReporter -->
<testsuite ignored="0" hostname="user22-TM1701" failures="0" tests="8" name="UI Test" time="77.12" errors="0" timestamp="2025-02-16T19:09:31 MSK">
  <testcase classname="tests.ui.CreateAdv.CreateAdvWithAllFieldsTest" name="createAdvertisementWithFullFieldsTest" time="21.586"/>
  <testcase classname="tests.ui.CreateAdv.CreateAdvWithAllFieldsTest" name="searchAndGoToAdvertisementTest" time="7.067"/>
  <testcase classname="tests.ui.CreateAdv.CreateAdvWithoutDescriptionFieldTest" name="createAdvertisementWithoutDescriptionFieldTest" time="11.014"/>
  <testcase classname="tests.ui.CreateAdv.CreateAdvWithoutDescriptionFieldTest" name="searchAdvertisementTest" time="3.087"/>
  <testcase classname="tests.ui.EditAdv.EditAdvertisementTest" name="createAndEditAndSaveAdvertisementTest" time="11.399"/>
  <testcase classname="tests.ui.EditAdv.EditAdvertisementTest" name="searchAndGoToAdvertisementTest" time="4.851"/>
  <testcase classname="tests.ui.EditAdv.EditAdvertisementTest" name="editAndSaveAdvertisementTest" time="3.993"/>
  <testcase classname="tests.ui.FilterSortAdvTest" name="searchAndGoToAdvertisementTest" time="11.428"/>
</testsuite> <!-- UI Test -->
