<?xml version="1.0" encoding="UTF-8"?>
<testng-results ignored="0" total="8" passed="8" failed="0" skipped="0">
  <reporter-output>
  </reporter-output>
  <suite started-at="2025-02-16T19:08:14 MSK" name="UI Suite" finished-at="2025-02-16T19:09:31 MSK" duration-ms="77120">
    <groups>
    </groups>
    <test started-at="2025-02-16T19:08:14 MSK" name="UI Test" finished-at="2025-02-16T19:09:31 MSK" duration-ms="77120">
      <class name="tests.ui.EditAdv.EditAdvertisementTest">
        <test-method is-config="true" signature="beforeEachTest()[pri:0, instance:tests.ui.EditAdv.EditAdvertisementTest@3df978b9]" started-at="2025-02-16T19:08:59 MSK" name="beforeEachTest" finished-at="2025-02-16T19:08:59 MSK" duration-ms="12" status="PASS">
          <reporter-output>
          </reporter-output>
        </test-method> <!-- beforeEachTest -->
        <test-method signature="createAndEditAndSaveAdvertisementTest()[pri:0, instance:tests.ui.EditAdv.EditAdvertisementTest@3df978b9]" started-at="2025-02-16T19:08:59 MSK" name="createAndEditAndSaveAdvertisementTest" finished-at="2025-02-16T19:09:11 MSK" duration-ms="11399" status="PASS">
          <reporter-output>
          </reporter-output>
        </test-method> <!-- createAndEditAndSaveAdvertisementTest -->
        <test-method is-config="true" signature="afterEachTest()[pri:0, instance:tests.ui.EditAdv.EditAdvertisementTest@3df978b9]" started-at="2025-02-16T19:09:11 MSK" name="afterEachTest" finished-at="2025-02-16T19:09:11 MSK" duration-ms="0" status="PASS">
          <reporter-output>
          </reporter-output>
        </test-method> <!-- afterEachTest -->
        <test-method is-config="true" signature="beforeEachTest()[pri:0, instance:tests.ui.EditAdv.EditAdvertisementTest@3df978b9]" started-at="2025-02-16T19:09:11 MSK" name="beforeEachTest" finished-at="2025-02-16T19:09:11 MSK" duration-ms="10" status="PASS">
          <reporter-output>
          </reporter-output>
        </test-method> <!-- beforeEachTest -->
        <test-method signature="searchAndGoToAdvertisementTest()[pri:0, instance:tests.ui.EditAdv.EditAdvertisementTest@3df978b9]" started-at="2025-02-16T19:09:11 MSK" name="searchAndGoToAdvertisementTest" finished-at="2025-02-16T19:09:16 MSK" depends-on-methods="tests.ui.EditAdv.EditAdvertisementTest.createAndEditAndSaveAdvertisementTest" duration-ms="4851" status="PASS">
          <reporter-output>
          </reporter-output>
        </test-method> <!-- searchAndGoToAdvertisementTest -->
        <test-method is-config="true" signature="afterEachTest()[pri:0, instance:tests.ui.EditAdv.EditAdvertisementTest@3df978b9]" started-at="2025-02-16T19:09:16 MSK" name="afterEachTest" finished-at="2025-02-16T19:09:16 MSK" duration-ms="0" status="PASS">
          <reporter-output>
          </reporter-output>
        </test-method> <!-- afterEachTest -->
        <test-method is-config="true" signature="beforeEachTest()[pri:0, instance:tests.ui.EditAdv.EditAdvertisementTest@3df978b9]" started-at="2025-02-16T19:09:16 MSK" name="beforeEachTest" finished-at="2025-02-16T19:09:16 MSK" duration-ms="9" status="PASS">
          <reporter-output>
          </reporter-output>
        </test-method> <!-- beforeEachTest -->
        <test-method signature="editAndSaveAdvertisementTest()[pri:0, instance:tests.ui.EditAdv.EditAdvertisementTest@3df978b9]" started-at="2025-02-16T19:09:16 MSK" name="editAndSaveAdvertisementTest" finished-at="2025-02-16T19:09:20 MSK" depends-on-methods="tests.ui.EditAdv.EditAdvertisementTest.searchAndGoToAdvertisementTest" duration-ms="3993" status="PASS">
          <reporter-output>
          </reporter-output>
        </test-method> <!-- editAndSaveAdvertisementTest -->
        <test-method is-config="true" signature="afterEachTest()[pri:0, instance:tests.ui.EditAdv.EditAdvertisementTest@3df978b9]" started-at="2025-02-16T19:09:20 MSK" name="afterEachTest" finished-at="2025-02-16T19:09:20 MSK" duration-ms="0" status="PASS">
          <reporter-output>
          </reporter-output>
        </test-method> <!-- afterEachTest -->
      </class> <!-- tests.ui.EditAdv.EditAdvertisementTest -->
      <class name="tests.ui.CreateAdv.CreateAdvWithoutDescriptionFieldTest">
        <test-method is-config="true" signature="beforeEachTest()[pri:0, instance:tests.ui.CreateAdv.CreateAdvWithoutDescriptionFieldTest@48c4245d]" started-at="2025-02-16T19:08:45 MSK" name="beforeEachTest" finished-at="2025-02-16T19:08:45 MSK" duration-ms="10" status="PASS">
          <reporter-output>
          </reporter-output>
        </test-method> <!-- beforeEachTest -->
        <test-method signature="createAdvertisementWithoutDescriptionFieldTest()[pri:0, instance:tests.ui.CreateAdv.CreateAdvWithoutDescriptionFieldTest@48c4245d]" started-at="2025-02-16T19:08:45 MSK" name="createAdvertisementWithoutDescriptionFieldTest" finished-at="2025-02-16T19:08:56 MSK" duration-ms="11014" status="PASS">
          <reporter-output>
          </reporter-output>
        </test-method> <!-- createAdvertisementWithoutDescriptionFieldTest -->
        <test-method is-config="true" signature="afterEachTest()[pri:0, instance:tests.ui.CreateAdv.CreateAdvWithoutDescriptionFieldTest@48c4245d]" started-at="2025-02-16T19:08:56 MSK" name="afterEachTest" finished-at="2025-02-16T19:08:56 MSK" duration-ms="1" status="PASS">
          <reporter-output>
          </reporter-output>
        </test-method> <!-- afterEachTest -->
        <test-method is-config="true" signature="beforeEachTest()[pri:0, instance:tests.ui.CreateAdv.CreateAdvWithoutDescriptionFieldTest@48c4245d]" started-at="2025-02-16T19:08:56 MSK" name="beforeEachTest" finished-at="2025-02-16T19:08:56 MSK" duration-ms="14" status="PASS">
          <reporter-output>
          </reporter-output>
        </test-method> <!-- beforeEachTest -->
        <test-method signature="searchAdvertisementTest()[pri:0, instance:tests.ui.CreateAdv.CreateAdvWithoutDescriptionFieldTest@48c4245d]" started-at="2025-02-16T19:08:56 MSK" name="searchAdvertisementTest" finished-at="2025-02-16T19:08:59 MSK" depends-on-methods="tests.ui.CreateAdv.CreateAdvWithoutDescriptionFieldTest.createAdvertisementWithoutDescriptionFieldTest" duration-ms="3087" status="PASS">
          <reporter-output>
          </reporter-output>
        </test-method> <!-- searchAdvertisementTest -->
        <test-method is-config="true" signature="afterEachTest()[pri:0, instance:tests.ui.CreateAdv.CreateAdvWithoutDescriptionFieldTest@48c4245d]" started-at="2025-02-16T19:08:59 MSK" name="afterEachTest" finished-at="2025-02-16T19:08:59 MSK" duration-ms="1" status="PASS">
          <reporter-output>
          </reporter-output>
        </test-method> <!-- afterEachTest -->
      </class> <!-- tests.ui.CreateAdv.CreateAdvWithoutDescriptionFieldTest -->
      <class name="tests.ui.CreateAdv.CreateAdvWithAllFieldsTest">
        <test-method is-config="true" signature="beforeEachTest()[pri:0, instance:tests.ui.CreateAdv.CreateAdvWithAllFieldsTest@7923f5b3]" started-at="2025-02-16T19:08:14 MSK" name="beforeEachTest" finished-at="2025-02-16T19:08:16 MSK" duration-ms="2384" status="PASS">
          <reporter-output>
          </reporter-output>
        </test-method> <!-- beforeEachTest -->
        <test-method signature="createAdvertisementWithFullFieldsTest()[pri:0, instance:tests.ui.CreateAdv.CreateAdvWithAllFieldsTest@7923f5b3]" started-at="2025-02-16T19:08:16 MSK" name="createAdvertisementWithFullFieldsTest" finished-at="2025-02-16T19:08:38 MSK" duration-ms="21586" status="PASS">
          <reporter-output>
          </reporter-output>
        </test-method> <!-- createAdvertisementWithFullFieldsTest -->
        <test-method is-config="true" signature="afterEachTest()[pri:0, instance:tests.ui.CreateAdv.CreateAdvWithAllFieldsTest@7923f5b3]" started-at="2025-02-16T19:08:38 MSK" name="afterEachTest" finished-at="2025-02-16T19:08:38 MSK" duration-ms="1" status="PASS">
          <reporter-output>
          </reporter-output>
        </test-method> <!-- afterEachTest -->
        <test-method is-config="true" signature="beforeEachTest()[pri:0, instance:tests.ui.CreateAdv.CreateAdvWithAllFieldsTest@7923f5b3]" started-at="2025-02-16T19:08:38 MSK" name="beforeEachTest" finished-at="2025-02-16T19:08:38 MSK" duration-ms="15" status="PASS">
          <reporter-output>
          </reporter-output>
        </test-method> <!-- beforeEachTest -->
        <test-method signature="searchAndGoToAdvertisementTest()[pri:0, instance:tests.ui.CreateAdv.CreateAdvWithAllFieldsTest@7923f5b3]" started-at="2025-02-16T19:08:38 MSK" name="searchAndGoToAdvertisementTest" finished-at="2025-02-16T19:08:45 MSK" depends-on-methods="tests.ui.CreateAdv.CreateAdvWithAllFieldsTest.createAdvertisementWithFullFieldsTest" duration-ms="7067" status="PASS">
          <reporter-output>
          </reporter-output>
        </test-method> <!-- searchAndGoToAdvertisementTest -->
        <test-method is-config="true" signature="afterEachTest()[pri:0, instance:tests.ui.CreateAdv.CreateAdvWithAllFieldsTest@7923f5b3]" started-at="2025-02-16T19:08:45 MSK" name="afterEachTest" finished-at="2025-02-16T19:08:45 MSK" duration-ms="0" status="PASS">
          <reporter-output>
          </reporter-output>
        </test-method> <!-- afterEachTest -->
      </class> <!-- tests.ui.CreateAdv.CreateAdvWithAllFieldsTest -->
      <class name="tests.ui.FilterSortAdvTest">
        <test-method is-config="true" signature="beforeEachTest()[pri:0, instance:tests.ui.FilterSortAdvTest@7906578e]" started-at="2025-02-16T19:09:20 MSK" name="beforeEachTest" finished-at="2025-02-16T19:09:20 MSK" duration-ms="22" status="PASS">
          <reporter-output>
          </reporter-output>
        </test-method> <!-- beforeEachTest -->
        <test-method signature="searchAndGoToAdvertisementTest()[pri:0, instance:tests.ui.FilterSortAdvTest@7906578e]" started-at="2025-02-16T19:09:20 MSK" name="searchAndGoToAdvertisementTest" finished-at="2025-02-16T19:09:31 MSK" duration-ms="11428" status="PASS">
          <reporter-output>
          </reporter-output>
        </test-method> <!-- searchAndGoToAdvertisementTest -->
        <test-method is-config="true" signature="afterEachTest()[pri:0, instance:tests.ui.FilterSortAdvTest@7906578e]" started-at="2025-02-16T19:09:31 MSK" name="afterEachTest" finished-at="2025-02-16T19:09:31 MSK" duration-ms="1" status="PASS">
          <reporter-output>
          </reporter-output>
        </test-method> <!-- afterEachTest -->
      </class> <!-- tests.ui.FilterSortAdvTest -->
    </test> <!-- UI Test -->
  </suite> <!-- UI Suite -->
</testng-results>
