<?xml version="1.0" encoding="UTF-8"?>
<testsuite xmlns:xsi="http://www.w3.org/2001/XMLSchema-instance" xsi:noNamespaceSchemaLocation="https://maven.apache.org/surefire/maven-surefire-plugin/xsd/surefire-test-report-3.0.xsd" version="3.0" name="TestSuite" time="78.428" tests="8" errors="0" skipped="0" failures="0">
  <properties>
[...]
</properties>
  <testcase name="createAdvertisementWithFullFieldsTest" classname="tests.ui.CreateAdv.CreateAdvWithAllFieldsTest" time="21.598">
    <system-err><![CDATA[[main] INFO io.github.bonigarcia.wdm.WebDriverManager - Using chromedriver 133.0.6943.98 (resolved driver for Chrome 133)
[main] INFO io.github.bonigarcia.wdm.WebDriverManager - Exporting webdriver.chrome.driver as /home/pioc/.cache/selenium/chromedriver/linux64/133.0.6943.98/chromedriver
[main] INFO com.codeborne.selenide.impl.WebDriverThreadLocalContainer - No webdriver is bound to current thread: 1 - let's create a new webdriver
[main] INFO com.codeborne.selenide.impl.FileHelper - Creating folder: /home/pioc/Downloads/intern-testing-framework/build/downloads/1739722097088_189357_1
Feb 16, 2025 7:08:18 PM org.openqa.selenium.devtools.CdpVersionFinder findNearestMatch
WARNING: Unable to find CDP implementation matching 133
Feb 16, 2025 7:08:18 PM org.openqa.selenium.chromium.ChromiumDriver lambda$new$5
WARNING: Unable to find version of CDP to use for 133.0.6943.53. You may need to include a dependency on a specific version of the CDP using something similar to `org.seleniumhq.selenium:selenium-devtools-v86:4.16.1` where the version ("v86") matches the version of the chromium-based browser you're using and the version number of the artifact is the same as Selenium's.
[main] INFO com.codeborne.selenide.webdriver.WebDriverFactory - BrowserName=chrome Version=133.0.6943.53 Platform=linux
[main] INFO com.codeborne.selenide.webdriver.WebDriverFactory - Selenide v. 7.0.0
[main] INFO com.codeborne.selenide.webdriver.WebDriverFactory - Selenium WebDriver v. 4.16.1 build revision: 9b4c83354e
[main] INFO com.codeborne.selenide.drivercommands.CreateDriverCommand - Created webdriver in thread 1: ChromeDriver -> ChromeDriver: chrome on linux (a6d215e3f884147f3b8fe855085a6c7c), downloadsFolder: /home/pioc/Downloads/intern-testing-framework/build/downloads/1739722097088_189357_1
[main] INFO com.codeborne.selenide.drivercommands.DisposablesRegistry - Register WebDriverInstance[config=StaticConfig, webDriver=ChromeDriver: chrome on linux (a6d215e3f884147f3b8fe855085a6c7c), proxy=null, downloadsFolder=/home/pioc/Downloads/intern-testing-framework/build/downloads/1739722097088_189357_1] in 1 [size=1]
[main] INFO com.codeborne.selenide.drivercommands.DisposablesRegistry - Add shutdown hook in 1 [size=1]
]]></system-err>
  </testcase>
  <testcase name="searchAndGoToAdvertisementTest" classname="tests.ui.CreateAdv.CreateAdvWithAllFieldsTest" time="7.067">
    <system-err><![CDATA[[main] INFO io.github.bonigarcia.wdm.WebDriverManager - Using chromedriver 133.0.6943.98 (resolved driver for Chrome 133)
[main] INFO io.github.bonigarcia.wdm.WebDriverManager - Exporting webdriver.chrome.driver as /home/pioc/.cache/selenium/chromedriver/linux64/133.0.6943.98/chromedriver
]]></system-err>
  </testcase>
  <testcase name="createAdvertisementWithoutDescriptionFieldTest" classname="tests.ui.CreateAdv.CreateAdvWithoutDescriptionFieldTest" time="11.013">
    <system-err><![CDATA[[main] INFO io.github.bonigarcia.wdm.WebDriverManager - Using chromedriver 133.0.6943.98 (resolved driver for Chrome 133)
[main] INFO io.github.bonigarcia.wdm.WebDriverManager - Exporting webdriver.chrome.driver as /home/pioc/.cache/selenium/chromedriver/linux64/133.0.6943.98/chromedriver
]]></system-err>
  </testcase>
  <testcase name="searchAdvertisementTest" classname="tests.ui.CreateAdv.CreateAdvWithoutDescriptionFieldTest" time="3.086">
    <system-err><![CDATA[[main] INFO io.github.bonigarcia.wdm.WebDriverManager - Using chromedriver 133.0.6943.98 (resolved driver for Chrome 133)
[main] INFO io.github.bonigarcia.wdm.WebDriverManager - Exporting webdriver.chrome.driver as /home/pioc/.cache/selenium/chromedriver/linux64/133.0.6943.98/chromedriver
]]></system-err>
  </testcase>
  <testcase name="createAndEditAndSaveAdvertisementTest" classname="tests.ui.EditAdv.EditAdvertisementTest" time="11.399">
    <system-err><![CDATA[[main] INFO io.github.bonigarcia.wdm.WebDriverManager - Using chromedriver 133.0.6943.98 (resolved driver for Chrome 133)
[main] INFO io.github.bonigarcia.wdm.WebDriverManager - Exporting webdriver.chrome.driver as /home/pioc/.cache/selenium/chromedriver/linux64/133.0.6943.98/chromedriver
]]></system-err>
  </testcase>
  <testcase name="searchAndGoToAdvertisementTest" classname="tests.ui.EditAdv.EditAdvertisementTest" time="4.851">
    <system-err><![CDATA[[main] INFO io.github.bonigarcia.wdm.WebDriverManager - Using chromedriver 133.0.6943.98 (resolved driver for Chrome 133)
[main] INFO io.github.bonigarcia.wdm.WebDriverManager - Exporting webdriver.chrome.driver as /home/pioc/.cache/selenium/chromedriver/linux64/133.0.6943.98/chromedriver
]]></system-err>
  </testcase>
  <testcase name="editAndSaveAdvertisementTest" classname="tests.ui.EditAdv.EditAdvertisementTest" time="3.995">
    <system-out><![CDATA[Request method:	GET
Request URI:	http://tech-avito-intern.jumpingcrab.com/api/advertisements/8eb0
Proxy:			<none>
Request params:	<none>
Query params:	<none>
Form params:	<none>
Path params:	<none>
Headers:		Accept=application/json, application/javascript, text/javascript, text/json
				Content-Type=application/json
Cookies:		<none>
Multiparts:		<none>
Body:			<none>
HTTP/1.1 200 OK
access-control-allow-origin: *
x-powered-by: tinyhttp
access-control-allow-methods: GET, HEAD, PUT, PATCH, POST, DELETE
access-control-allow-headers: content-type
content-type: application/json
date: Sun, 16 Feb 2025 16:07:34 GMT
connection: close
content-length: 263

{
    "id": "8eb0",
    "name": "TviyYUu",
    "price": "180",
    "description": "T ZXiYUVGxLb. hKmIWdZolr.",
    "imageUrl": "https://i.pinimg.com/736x/28/f0/e3/28f0e30e9643b90de06eaac32f59491f.jpg",
    "createdAt": "2025-02-16T16:09:11.177Z",
    "views": 0,
    "likes": 0
}
]]></system-out>
    <system-err><![CDATA[[main] INFO io.github.bonigarcia.wdm.WebDriverManager - Using chromedriver 133.0.6943.98 (resolved driver for Chrome 133)
[main] INFO io.github.bonigarcia.wdm.WebDriverManager - Exporting webdriver.chrome.driver as /home/pioc/.cache/selenium/chromedriver/linux64/133.0.6943.98/chromedriver
]]></system-err>
  </testcase>
  <testcase name="searchAndGoToAdvertisementTest" classname="tests.ui.FilterSortAdvTest" time="11.427">
    <system-err><![CDATA[[main] INFO io.github.bonigarcia.wdm.WebDriverManager - Using chromedriver 133.0.6943.98 (resolved driver for Chrome 133)
[main] INFO io.github.bonigarcia.wdm.WebDriverManager - Exporting webdriver.chrome.driver as /home/pioc/.cache/selenium/chromedriver/linux64/133.0.6943.98/chromedriver
]]></system-err>
  </testcase>
</testsuite>